<?xml version="1.0" encoding="UTF-8"?>
<!-- Generated by org.testng.reporters.JUnitReportReporter -->
<testsuite hostname="Dell-Laptop-2nd-Floor-room1" failures="0" tests="1" name="com.actitime.testscript.UserModule" time="1.915" errors="0" timestamp="2023-12-26T09:02:18 IST" skipped="0">
  <testcase classname="com.actitime.testscript.UserModule" name="createAndDeleteUser" time="1.915">
    <system-out>
      <![CDATA[createAndDeleteUser method has got passed]]>
    </system-out>
  </testcase> <!-- createAndDeleteUser -->
  <system-out>
    <![CDATA[openBrowser
login
createAndDeleteUser method has got passed
logout
closeBrowser]]>
  </system-out>
</testsuite> <!-- com.actitime.testscript.UserModule -->
